Patrick

Default
Default
Default
Default
Default
Default
Default
Default
Default
Default
Default
Default
<class 'tastypie.exceptions.ImmediateHttpResponse'>
Default
<class 'tastypie.exceptions.ImmediateHttpResponse'>
Content-Type: text/html; charset=utf-8
WWW-Authenticate: Basic Realm="django-tastypie"


Default
<class 'tastypie.exceptions.ImmediateHttpResponse'>

Default
<class 'tastypie.exceptions.ImmediateHttpResponse'>
Default
<class 'tastypie.exceptions.ImmediateHttpResponse'>
""
Default
<class 'tastypie.exceptions.ImmediateHttpResponse'>
Default
Default
Immediate
Immediate
Immediate
Immediate
Immediate
Immediate
Immediate
Immediate
Immediate
Immediate
<users.api.BattleUserResource object at 0x7f0adc1d1ed0>
{'fields': {'winStreak': <tastypie.fields.IntegerField object at 0x7f98381d1f10>, 'firstName': <tastypie.fields.CharField object at 0x7f98381d1f50>, 'created': <tastypie.fields.DateTimeField object at 0x7f98381d1f90>, 'wins': <tastypie.fields.IntegerField object at 0x7f98381d5090>, 'losses': <tastypie.fields.IntegerField object at 0x7f98381d5050>, 'lastName': <tastypie.fields.CharField object at 0x7f98381d1fd0>, u'resource_uri': <tastypie.fields.CharField object at 0x7f98381d5190>, 'nickName': <tastypie.fields.CharField object at 0x7f98381d5110>, u'id': <tastypie.fields.IntegerField object at 0x7f98381d5150>, 'last_seen': <tastypie.fields.DateTimeField object at 0x7f98381d50d0>}, 'api_name': 'v1'}
{'fields': {'winStreak': <tastypie.fields.IntegerField object at 0x7f98381d1f10>, 'firstName': <tastypie.fields.CharField object at 0x7f98381d1f50>, 'created': <tastypie.fields.DateTimeField object at 0x7f98381d1f90>, 'wins': <tastypie.fields.IntegerField object at 0x7f98381d5090>, 'losses': <tastypie.fields.IntegerField object at 0x7f98381d5050>, 'lastName': <tastypie.fields.CharField object at 0x7f98381d1fd0>, u'resource_uri': <tastypie.fields.CharField object at 0x7f98381d5190>, 'nickName': <tastypie.fields.CharField object at 0x7f98381d5110>, u'id': <tastypie.fields.IntegerField object at 0x7f98381d5150>, 'last_seen': <tastypie.fields.DateTimeField object at 0x7f98381d50d0>}, 'api_name': 'v1'}
{'related_obj': None, 'related_name': None, 'errors': {}, 'obj': <BattleUser: Battle User piiioppa diddy>, 'related_objects_to_save': {}, 'request': <WSGIRequest
path:/v1/battleUser/17/,
GET:<QueryDict: {}>,
POST:<QueryDict: {}>,
COOKIES:{},
META:{'COLORTERM': 'gnome-terminal',
 'COMPIZ_CONFIG_PROFILE': 'ubuntu',
 'CONTENT_LENGTH': '',
 'CONTENT_TYPE': 'application/json',
 u'CSRF_COOKIE': u'nYxOfTLUcoPOx3pOJkmGGol5pkkIHohm',
 'DBUS_SESSION_BUS_ADDRESS': 'unix:abstract=/tmp/dbus-iZCyaJeSlx,guid=9116b68bb8914ab661b1714300000016',
 'DEFAULTS_PATH': '/usr/share/gconf/ubuntu.default.path',
 'DESKTOP_SESSION': 'ubuntu',
 'DISPLAY': ':0',
 'DJANGO_SETTINGS_MODULE': 'KE.settings',
 'GATEWAY_INTERFACE': 'CGI/1.1',
 'GDMSESSION': 'ubuntu',
 'GNOME_DESKTOP_SESSION_ID': 'this-is-deprecated',
 'GNOME_KEYRING_CONTROL': '/tmp/keyring-6TA5ol',
 'GNOME_KEYRING_PID': '2224',
 'GPG_AGENT_INFO': '/tmp/keyring-6TA5ol/gpg:0:1',
 'HOME': '/home/patrick',
 'HTTP_ACCEPT': 'application/json',
 'HTTP_AUTHORIZATION': 'Basic cGF0cmljazpwTGFBdFcxMg==',
 'HTTP_HOST': '127.0.0.1:8000',
 'HTTP_USER_AGENT': 'curl/7.22.0 (x86_64-pc-linux-gnu) libcurl/7.22.0 OpenSSL/1.0.1 zlib/1.2.3.4 libidn/1.23 librtmp/2.3',
 'LANG': 'en_CA.UTF-8',
 'LANGUAGE': 'en_CA:en',
 'LESSCLOSE': '/usr/bin/lesspipe %s %s',
 'LESSOPEN': '| /usr/bin/lesspipe %s',
 'LOGNAME': 'patrick',
 'LS_COLORS': 'rs=0:di=01;34:ln=01;36:mh=00:pi=40;33:so=01;35:do=01;35:bd=40;33;01:cd=40;33;01:or=40;31;01:su=37;41:sg=30;43:ca=30;41:tw=30;42:ow=34;42:st=37;44:ex=01;32:*.tar=01;31:*.tgz=01;31:*.arj=01;31:*.taz=01;31:*.lzh=01;31:*.lzma=01;31:*.tlz=01;31:*.txz=01;31:*.zip=01;31:*.z=01;31:*.Z=01;31:*.dz=01;31:*.gz=01;31:*.lz=01;31:*.xz=01;31:*.bz2=01;31:*.bz=01;31:*.tbz=01;31:*.tbz2=01;31:*.tz=01;31:*.deb=01;31:*.rpm=01;31:*.jar=01;31:*.war=01;31:*.ear=01;31:*.sar=01;31:*.rar=01;31:*.ace=01;31:*.zoo=01;31:*.cpio=01;31:*.7z=01;31:*.rz=01;31:*.jpg=01;35:*.jpeg=01;35:*.gif=01;35:*.bmp=01;35:*.pbm=01;35:*.pgm=01;35:*.ppm=01;35:*.tga=01;35:*.xbm=01;35:*.xpm=01;35:*.tif=01;35:*.tiff=01;35:*.png=01;35:*.svg=01;35:*.svgz=01;35:*.mng=01;35:*.pcx=01;35:*.mov=01;35:*.mpg=01;35:*.mpeg=01;35:*.m2v=01;35:*.mkv=01;35:*.webm=01;35:*.ogm=01;35:*.mp4=01;35:*.m4v=01;35:*.mp4v=01;35:*.vob=01;35:*.qt=01;35:*.nuv=01;35:*.wmv=01;35:*.asf=01;35:*.rm=01;35:*.rmvb=01;35:*.flc=01;35:*.avi=01;35:*.fli=01;35:*.flv=01;35:*.gl=01;35:*.dl=01;35:*.xcf=01;35:*.xwd=01;35:*.yuv=01;35:*.cgm=01;35:*.emf=01;35:*.axv=01;35:*.anx=01;35:*.ogv=01;35:*.ogx=01;35:*.aac=00;36:*.au=00;36:*.flac=00;36:*.mid=00;36:*.midi=00;36:*.mka=00;36:*.mp3=00;36:*.mpc=00;36:*.ogg=00;36:*.ra=00;36:*.wav=00;36:*.axa=00;36:*.oga=00;36:*.spx=00;36:*.xspf=00;36:',
 'MANDATORY_PATH': '/usr/share/gconf/ubuntu.mandatory.path',
 'PATH': '/usr/lib/lightdm/lightdm:/usr/local/sbin:/usr/local/bin:/usr/sbin:/usr/bin:/sbin:/bin:/usr/games',
 'PATH_INFO': u'/v1/battleUser/17/',
 'PWD': '/home/patrick/Documents/Kixeye/KE',
 'QUERY_STRING': '',
 'REMOTE_ADDR': '127.0.0.1',
 'REMOTE_HOST': '',
 'REQUEST_METHOD': 'GET',
 'RUN_MAIN': 'true',
 'SCRIPT_NAME': u'',
 'SERVER_NAME': 'localhost',
 'SERVER_PORT': '8000',
 'SERVER_PROTOCOL': 'HTTP/1.1',
 'SERVER_SOFTWARE': 'WSGIServer/0.1 Python/2.7.3',
 'SESSION_MANAGER': 'local/pat-XPS13:@/tmp/.ICE-unix/2235,unix/pat-XPS13:/tmp/.ICE-unix/2235',
 'SHELL': '/bin/bash',
 'SHLVL': '1',
 'SSH_AGENT_PID': '2270',
 'SSH_AUTH_SOCK': '/tmp/keyring-6TA5ol/ssh',
 'TERM': 'xterm',
 'TZ': 'UTC',
 'UBUNTU_MENUPROXY': 'libappmenu.so',
 'USER': 'patrick',
 'WINDOWID': '62914566',
 'XAUTHORITY': '/home/patrick/.Xauthority',
 'XDG_CONFIG_DIRS': '/etc/xdg/xdg-ubuntu:/etc/xdg',
 'XDG_CURRENT_DESKTOP': 'Unity',
 'XDG_DATA_DIRS': '/usr/share/ubuntu:/usr/share/gnome:/usr/local/share/:/usr/share/',
 'XDG_SEAT_PATH': '/org/freedesktop/DisplayManager/Seat0',
 'XDG_SESSION_COOKIE': '360f10346b8728b69ecc121c00000002-1408126702.146733-2120693982',
 'XDG_SESSION_PATH': '/org/freedesktop/DisplayManager/Session0',
 '_': '/usr/bin/python',
 'wsgi.errors': <open file '<stderr>', mode 'w' at 0x7f257ba09270>,
 'wsgi.file_wrapper': <class wsgiref.util.FileWrapper at 0x305f600>,
 'wsgi.input': <socket._fileobject object at 0x379ec50>,
 'wsgi.multiprocess': False,
 'wsgi.multithread': True,
 'wsgi.run_once': False,
 'wsgi.url_scheme': 'http',
 'wsgi.version': (1, 0)}>, 'objects_saved': set([]), 'data': {'winStreak': 0, 'firstName': u'piiioppa', 'created': datetime.datetime(2014, 8, 25, 12, 14, 4, tzinfo=<UTC>), 'lastName': u'diddy', 'losses': 0, 'wins': 0, 'last_seen': datetime.datetime(2014, 8, 25, 12, 14, 4, tzinfo=<UTC>), 'nickName': u'pdiddy', u'id': 17, u'resource_uri': '/v1/battleUser/17/'}}
{'session': <django.contrib.sessions.backends.db.SessionStore object at 0x7f372005ad90>, '_post_parse_error': False, 'resolver_match': ResolverMatch(func=<function wrapper at 0x7f37181d7578>, args=(), kwargs={u'pk': u'17', u'api_name': u'v1', u'resource_name': u'battleUser'}, url_name='api_dispatch_detail', app_name='None', namespace=''), '_stream': <django.core.handlers.wsgi.LimitedStream object at 0x7f372005acd0>, '_read_started': False, 'META': {'HTTP_AUTHORIZATION': 'Basic cGF0cmljazpwTGFBdFcxMg==', 'wsgi.version': (1, 0), 'wsgi.multiprocess': False, 'RUN_MAIN': 'true', 'GNOME_DESKTOP_SESSION_ID': 'this-is-deprecated', 'SERVER_PROTOCOL': 'HTTP/1.1', 'SERVER_SOFTWARE': 'WSGIServer/0.1 Python/2.7.3', 'SCRIPT_NAME': u'', 'LESSOPEN': '| /usr/bin/lesspipe %s', 'REQUEST_METHOD': 'GET', 'LOGNAME': 'patrick', 'USER': 'patrick', 'PATH': '/usr/lib/lightdm/lightdm:/usr/local/sbin:/usr/local/bin:/usr/sbin:/usr/bin:/sbin:/bin:/usr/games', 'QUERY_STRING': '', 'GNOME_KEYRING_CONTROL': '/tmp/keyring-6TA5ol', 'DISPLAY': ':0', 'SSH_AGENT_PID': '2270', 'LANG': 'en_CA.UTF-8', 'TERM': 'xterm', 'SHELL': '/bin/bash', 'XDG_SESSION_PATH': '/org/freedesktop/DisplayManager/Session0', 'XAUTHORITY': '/home/patrick/.Xauthority', 'LANGUAGE': 'en_CA:en', 'SESSION_MANAGER': 'local/pat-XPS13:@/tmp/.ICE-unix/2235,unix/pat-XPS13:/tmp/.ICE-unix/2235', 'SHLVL': '1', 'MANDATORY_PATH': '/usr/share/gconf/ubuntu.mandatory.path', 'wsgi.url_scheme': 'http', 'COMPIZ_CONFIG_PROFILE': 'ubuntu', 'WINDOWID': '62914566', 'SERVER_PORT': '8000', 'GPG_AGENT_INFO': '/tmp/keyring-6TA5ol/gpg:0:1', 'HOME': '/home/patrick', 'REMOTE_ADDR': '127.0.0.1', 'CONTENT_LENGTH': '', 'CONTENT_TYPE': 'application/json', 'wsgi.file_wrapper': <class wsgiref.util.FileWrapper at 0x1dcf600>, 'SSH_AUTH_SOCK': '/tmp/keyring-6TA5ol/ssh', 'GDMSESSION': 'ubuntu', 'DEFAULTS_PATH': '/usr/share/gconf/ubuntu.default.path', 'HTTP_USER_AGENT': 'curl/7.22.0 (x86_64-pc-linux-gnu) libcurl/7.22.0 OpenSSL/1.0.1 zlib/1.2.3.4 libidn/1.23 librtmp/2.3', 'HTTP_HOST': '127.0.0.1:8000', 'wsgi.multithread': True, 'XDG_SEAT_PATH': '/org/freedesktop/DisplayManager/Seat0', 'LESSCLOSE': '/usr/bin/lesspipe %s %s', 'XDG_CURRENT_DESKTOP': 'Unity', 'DBUS_SESSION_BUS_ADDRESS': 'unix:abstract=/tmp/dbus-iZCyaJeSlx,guid=9116b68bb8914ab661b1714300000016', '_': '/usr/bin/python', 'XDG_SESSION_COOKIE': '360f10346b8728b69ecc121c00000002-1408126702.146733-2120693982', 'HTTP_ACCEPT': 'application/json', 'DESKTOP_SESSION': 'ubuntu', 'SERVER_NAME': 'localhost', 'XDG_CONFIG_DIRS': '/etc/xdg/xdg-ubuntu:/etc/xdg', 'GNOME_KEYRING_PID': '2224', 'UBUNTU_MENUPROXY': 'libappmenu.so', 'wsgi.run_once': False, u'CSRF_COOKIE': u'eEjGcQxtFSopbvdUeqdeRXYlCxnjEuLm', 'wsgi.errors': <open file '<stderr>', mode 'w' at 0x7f37291d7270>, 'GATEWAY_INTERFACE': 'CGI/1.1', 'wsgi.input': <socket._fileobject object at 0x250ec50>, 'XDG_DATA_DIRS': '/usr/share/ubuntu:/usr/share/gnome:/usr/local/share/:/usr/share/', 'PWD': '/home/patrick/Documents/Kixeye/KE', 'DJANGO_SETTINGS_MODULE': 'KE.settings', 'TZ': 'UTC', 'COLORTERM': 'gnome-terminal', 'LS_COLORS': 'rs=0:di=01;34:ln=01;36:mh=00:pi=40;33:so=01;35:do=01;35:bd=40;33;01:cd=40;33;01:or=40;31;01:su=37;41:sg=30;43:ca=30;41:tw=30;42:ow=34;42:st=37;44:ex=01;32:*.tar=01;31:*.tgz=01;31:*.arj=01;31:*.taz=01;31:*.lzh=01;31:*.lzma=01;31:*.tlz=01;31:*.txz=01;31:*.zip=01;31:*.z=01;31:*.Z=01;31:*.dz=01;31:*.gz=01;31:*.lz=01;31:*.xz=01;31:*.bz2=01;31:*.bz=01;31:*.tbz=01;31:*.tbz2=01;31:*.tz=01;31:*.deb=01;31:*.rpm=01;31:*.jar=01;31:*.war=01;31:*.ear=01;31:*.sar=01;31:*.rar=01;31:*.ace=01;31:*.zoo=01;31:*.cpio=01;31:*.7z=01;31:*.rz=01;31:*.jpg=01;35:*.jpeg=01;35:*.gif=01;35:*.bmp=01;35:*.pbm=01;35:*.pgm=01;35:*.ppm=01;35:*.tga=01;35:*.xbm=01;35:*.xpm=01;35:*.tif=01;35:*.tiff=01;35:*.png=01;35:*.svg=01;35:*.svgz=01;35:*.mng=01;35:*.pcx=01;35:*.mov=01;35:*.mpg=01;35:*.mpeg=01;35:*.m2v=01;35:*.mkv=01;35:*.webm=01;35:*.ogm=01;35:*.mp4=01;35:*.m4v=01;35:*.mp4v=01;35:*.vob=01;35:*.qt=01;35:*.nuv=01;35:*.wmv=01;35:*.asf=01;35:*.rm=01;35:*.rmvb=01;35:*.flc=01;35:*.avi=01;35:*.fli=01;35:*.flv=01;35:*.gl=01;35:*.dl=01;35:*.xcf=01;35:*.xwd=01;35:*.yuv=01;35:*.cgm=01;35:*.emf=01;35:*.axv=01;35:*.anx=01;35:*.ogv=01;35:*.ogx=01;35:*.aac=00;36:*.au=00;36:*.flac=00;36:*.mid=00;36:*.midi=00;36:*.mka=00;36:*.mp3=00;36:*.mpc=00;36:*.ogg=00;36:*.ra=00;36:*.wav=00;36:*.axa=00;36:*.oga=00;36:*.spx=00;36:*.xspf=00;36:', 'REMOTE_HOST': '', 'PATH_INFO': u'/v1/battleUser/17/'}, 'environ': {'HTTP_AUTHORIZATION': 'Basic cGF0cmljazpwTGFBdFcxMg==', 'wsgi.version': (1, 0), 'wsgi.multiprocess': False, 'RUN_MAIN': 'true', 'GNOME_DESKTOP_SESSION_ID': 'this-is-deprecated', 'SERVER_PROTOCOL': 'HTTP/1.1', 'SERVER_SOFTWARE': 'WSGIServer/0.1 Python/2.7.3', 'SCRIPT_NAME': u'', 'LESSOPEN': '| /usr/bin/lesspipe %s', 'REQUEST_METHOD': 'GET', 'LOGNAME': 'patrick', 'USER': 'patrick', 'PATH': '/usr/lib/lightdm/lightdm:/usr/local/sbin:/usr/local/bin:/usr/sbin:/usr/bin:/sbin:/bin:/usr/games', 'QUERY_STRING': '', 'GNOME_KEYRING_CONTROL': '/tmp/keyring-6TA5ol', 'DISPLAY': ':0', 'SSH_AGENT_PID': '2270', 'LANG': 'en_CA.UTF-8', 'TERM': 'xterm', 'SHELL': '/bin/bash', 'XDG_SESSION_PATH': '/org/freedesktop/DisplayManager/Session0', 'XAUTHORITY': '/home/patrick/.Xauthority', 'LANGUAGE': 'en_CA:en', 'SESSION_MANAGER': 'local/pat-XPS13:@/tmp/.ICE-unix/2235,unix/pat-XPS13:/tmp/.ICE-unix/2235', 'SHLVL': '1', 'MANDATORY_PATH': '/usr/share/gconf/ubuntu.mandatory.path', 'wsgi.url_scheme': 'http', 'COMPIZ_CONFIG_PROFILE': 'ubuntu', 'WINDOWID': '62914566', 'SERVER_PORT': '8000', 'GPG_AGENT_INFO': '/tmp/keyring-6TA5ol/gpg:0:1', 'HOME': '/home/patrick', 'REMOTE_ADDR': '127.0.0.1', 'CONTENT_LENGTH': '', 'CONTENT_TYPE': 'application/json', 'wsgi.file_wrapper': <class wsgiref.util.FileWrapper at 0x1dcf600>, 'SSH_AUTH_SOCK': '/tmp/keyring-6TA5ol/ssh', 'GDMSESSION': 'ubuntu', 'DEFAULTS_PATH': '/usr/share/gconf/ubuntu.default.path', 'HTTP_USER_AGENT': 'curl/7.22.0 (x86_64-pc-linux-gnu) libcurl/7.22.0 OpenSSL/1.0.1 zlib/1.2.3.4 libidn/1.23 librtmp/2.3', 'HTTP_HOST': '127.0.0.1:8000', 'wsgi.multithread': True, 'XDG_SEAT_PATH': '/org/freedesktop/DisplayManager/Seat0', 'LESSCLOSE': '/usr/bin/lesspipe %s %s', 'XDG_CURRENT_DESKTOP': 'Unity', 'DBUS_SESSION_BUS_ADDRESS': 'unix:abstract=/tmp/dbus-iZCyaJeSlx,guid=9116b68bb8914ab661b1714300000016', '_': '/usr/bin/python', 'XDG_SESSION_COOKIE': '360f10346b8728b69ecc121c00000002-1408126702.146733-2120693982', 'HTTP_ACCEPT': 'application/json', 'DESKTOP_SESSION': 'ubuntu', 'SERVER_NAME': 'localhost', 'XDG_CONFIG_DIRS': '/etc/xdg/xdg-ubuntu:/etc/xdg', 'GNOME_KEYRING_PID': '2224', 'UBUNTU_MENUPROXY': 'libappmenu.so', 'wsgi.run_once': False, u'CSRF_COOKIE': u'eEjGcQxtFSopbvdUeqdeRXYlCxnjEuLm', 'wsgi.errors': <open file '<stderr>', mode 'w' at 0x7f37291d7270>, 'GATEWAY_INTERFACE': 'CGI/1.1', 'wsgi.input': <socket._fileobject object at 0x250ec50>, 'XDG_DATA_DIRS': '/usr/share/ubuntu:/usr/share/gnome:/usr/local/share/:/usr/share/', 'PWD': '/home/patrick/Documents/Kixeye/KE', 'DJANGO_SETTINGS_MODULE': 'KE.settings', 'TZ': 'UTC', 'COLORTERM': 'gnome-terminal', 'LS_COLORS': 'rs=0:di=01;34:ln=01;36:mh=00:pi=40;33:so=01;35:do=01;35:bd=40;33;01:cd=40;33;01:or=40;31;01:su=37;41:sg=30;43:ca=30;41:tw=30;42:ow=34;42:st=37;44:ex=01;32:*.tar=01;31:*.tgz=01;31:*.arj=01;31:*.taz=01;31:*.lzh=01;31:*.lzma=01;31:*.tlz=01;31:*.txz=01;31:*.zip=01;31:*.z=01;31:*.Z=01;31:*.dz=01;31:*.gz=01;31:*.lz=01;31:*.xz=01;31:*.bz2=01;31:*.bz=01;31:*.tbz=01;31:*.tbz2=01;31:*.tz=01;31:*.deb=01;31:*.rpm=01;31:*.jar=01;31:*.war=01;31:*.ear=01;31:*.sar=01;31:*.rar=01;31:*.ace=01;31:*.zoo=01;31:*.cpio=01;31:*.7z=01;31:*.rz=01;31:*.jpg=01;35:*.jpeg=01;35:*.gif=01;35:*.bmp=01;35:*.pbm=01;35:*.pgm=01;35:*.ppm=01;35:*.tga=01;35:*.xbm=01;35:*.xpm=01;35:*.tif=01;35:*.tiff=01;35:*.png=01;35:*.svg=01;35:*.svgz=01;35:*.mng=01;35:*.pcx=01;35:*.mov=01;35:*.mpg=01;35:*.mpeg=01;35:*.m2v=01;35:*.mkv=01;35:*.webm=01;35:*.ogm=01;35:*.mp4=01;35:*.m4v=01;35:*.mp4v=01;35:*.vob=01;35:*.qt=01;35:*.nuv=01;35:*.wmv=01;35:*.asf=01;35:*.rm=01;35:*.rmvb=01;35:*.flc=01;35:*.avi=01;35:*.fli=01;35:*.flv=01;35:*.gl=01;35:*.dl=01;35:*.xcf=01;35:*.xwd=01;35:*.yuv=01;35:*.cgm=01;35:*.emf=01;35:*.axv=01;35:*.anx=01;35:*.ogv=01;35:*.ogx=01;35:*.aac=00;36:*.au=00;36:*.flac=00;36:*.mid=00;36:*.midi=00;36:*.mka=00;36:*.mp3=00;36:*.mpc=00;36:*.ogg=00;36:*.ra=00;36:*.wav=00;36:*.axa=00;36:*.oga=00;36:*.spx=00;36:*.xspf=00;36:', 'REMOTE_HOST': '', 'PATH_INFO': u'/v1/battleUser/17/'}, 'path_info': u'/v1/battleUser/17/', '_messages': <django.contrib.messages.storage.fallback.FallbackStorage object at 0x7f372005a990>, 'path': u'/v1/battleUser/17/', '_cookies': {}, 'method': 'GET', 'user': <User: patrick>}
{'session': <django.contrib.sessions.backends.db.SessionStore object at 0x7f371827c390>, '_post_parse_error': False, 'resolver_match': ResolverMatch(func=<function wrapper at 0x7f37181d7578>, args=(), kwargs={u'pk': u'17', u'api_name': u'v1', u'resource_name': u'battleUser'}, url_name='api_dispatch_detail', app_name='None', namespace=''), '_stream': <django.core.handlers.wsgi.LimitedStream object at 0x7f371827c290>, '_read_started': False, 'META': {'HTTP_AUTHORIZATION': 'Basic cGF0cmljazpwTGFBdFcxMg==', 'wsgi.version': (1, 0), 'wsgi.multiprocess': False, 'RUN_MAIN': 'true', 'GNOME_DESKTOP_SESSION_ID': 'this-is-deprecated', 'SERVER_PROTOCOL': 'HTTP/1.1', 'SERVER_SOFTWARE': 'WSGIServer/0.1 Python/2.7.3', 'SCRIPT_NAME': u'', 'LESSOPEN': '| /usr/bin/lesspipe %s', 'REQUEST_METHOD': 'GET', 'LOGNAME': 'patrick', 'USER': 'patrick', 'PATH': '/usr/lib/lightdm/lightdm:/usr/local/sbin:/usr/local/bin:/usr/sbin:/usr/bin:/sbin:/bin:/usr/games', 'QUERY_STRING': '', 'GNOME_KEYRING_CONTROL': '/tmp/keyring-6TA5ol', 'DISPLAY': ':0', 'SSH_AGENT_PID': '2270', 'LANG': 'en_CA.UTF-8', 'TERM': 'xterm', 'SHELL': '/bin/bash', 'XDG_SESSION_PATH': '/org/freedesktop/DisplayManager/Session0', 'XAUTHORITY': '/home/patrick/.Xauthority', 'LANGUAGE': 'en_CA:en', 'SESSION_MANAGER': 'local/pat-XPS13:@/tmp/.ICE-unix/2235,unix/pat-XPS13:/tmp/.ICE-unix/2235', 'SHLVL': '1', 'MANDATORY_PATH': '/usr/share/gconf/ubuntu.mandatory.path', 'wsgi.url_scheme': 'http', 'COMPIZ_CONFIG_PROFILE': 'ubuntu', 'WINDOWID': '62914566', 'SERVER_PORT': '8000', 'GPG_AGENT_INFO': '/tmp/keyring-6TA5ol/gpg:0:1', 'HOME': '/home/patrick', 'REMOTE_ADDR': '127.0.0.1', 'CONTENT_LENGTH': '', 'CONTENT_TYPE': 'application/json', 'wsgi.file_wrapper': <class wsgiref.util.FileWrapper at 0x1dcf600>, 'SSH_AUTH_SOCK': '/tmp/keyring-6TA5ol/ssh', 'GDMSESSION': 'ubuntu', 'DEFAULTS_PATH': '/usr/share/gconf/ubuntu.default.path', 'HTTP_USER_AGENT': 'curl/7.22.0 (x86_64-pc-linux-gnu) libcurl/7.22.0 OpenSSL/1.0.1 zlib/1.2.3.4 libidn/1.23 librtmp/2.3', 'HTTP_HOST': '127.0.0.1:8000', 'wsgi.multithread': True, 'XDG_SEAT_PATH': '/org/freedesktop/DisplayManager/Seat0', 'LESSCLOSE': '/usr/bin/lesspipe %s %s', 'XDG_CURRENT_DESKTOP': 'Unity', 'DBUS_SESSION_BUS_ADDRESS': 'unix:abstract=/tmp/dbus-iZCyaJeSlx,guid=9116b68bb8914ab661b1714300000016', '_': '/usr/bin/python', 'XDG_SESSION_COOKIE': '360f10346b8728b69ecc121c00000002-1408126702.146733-2120693982', 'HTTP_ACCEPT': 'application/json', 'DESKTOP_SESSION': 'ubuntu', 'SERVER_NAME': 'localhost', 'XDG_CONFIG_DIRS': '/etc/xdg/xdg-ubuntu:/etc/xdg', 'GNOME_KEYRING_PID': '2224', 'UBUNTU_MENUPROXY': 'libappmenu.so', 'wsgi.run_once': False, u'CSRF_COOKIE': u'SQJGYwgGvSvTJeQzwoRlGqi3CtA3igtd', 'wsgi.errors': <open file '<stderr>', mode 'w' at 0x7f37291d7270>, 'GATEWAY_INTERFACE': 'CGI/1.1', 'wsgi.input': <socket._fileobject object at 0x2520550>, 'XDG_DATA_DIRS': '/usr/share/ubuntu:/usr/share/gnome:/usr/local/share/:/usr/share/', 'PWD': '/home/patrick/Documents/Kixeye/KE', 'DJANGO_SETTINGS_MODULE': 'KE.settings', 'TZ': 'UTC', 'COLORTERM': 'gnome-terminal', 'LS_COLORS': 'rs=0:di=01;34:ln=01;36:mh=00:pi=40;33:so=01;35:do=01;35:bd=40;33;01:cd=40;33;01:or=40;31;01:su=37;41:sg=30;43:ca=30;41:tw=30;42:ow=34;42:st=37;44:ex=01;32:*.tar=01;31:*.tgz=01;31:*.arj=01;31:*.taz=01;31:*.lzh=01;31:*.lzma=01;31:*.tlz=01;31:*.txz=01;31:*.zip=01;31:*.z=01;31:*.Z=01;31:*.dz=01;31:*.gz=01;31:*.lz=01;31:*.xz=01;31:*.bz2=01;31:*.bz=01;31:*.tbz=01;31:*.tbz2=01;31:*.tz=01;31:*.deb=01;31:*.rpm=01;31:*.jar=01;31:*.war=01;31:*.ear=01;31:*.sar=01;31:*.rar=01;31:*.ace=01;31:*.zoo=01;31:*.cpio=01;31:*.7z=01;31:*.rz=01;31:*.jpg=01;35:*.jpeg=01;35:*.gif=01;35:*.bmp=01;35:*.pbm=01;35:*.pgm=01;35:*.ppm=01;35:*.tga=01;35:*.xbm=01;35:*.xpm=01;35:*.tif=01;35:*.tiff=01;35:*.png=01;35:*.svg=01;35:*.svgz=01;35:*.mng=01;35:*.pcx=01;35:*.mov=01;35:*.mpg=01;35:*.mpeg=01;35:*.m2v=01;35:*.mkv=01;35:*.webm=01;35:*.ogm=01;35:*.mp4=01;35:*.m4v=01;35:*.mp4v=01;35:*.vob=01;35:*.qt=01;35:*.nuv=01;35:*.wmv=01;35:*.asf=01;35:*.rm=01;35:*.rmvb=01;35:*.flc=01;35:*.avi=01;35:*.fli=01;35:*.flv=01;35:*.gl=01;35:*.dl=01;35:*.xcf=01;35:*.xwd=01;35:*.yuv=01;35:*.cgm=01;35:*.emf=01;35:*.axv=01;35:*.anx=01;35:*.ogv=01;35:*.ogx=01;35:*.aac=00;36:*.au=00;36:*.flac=00;36:*.mid=00;36:*.midi=00;36:*.mka=00;36:*.mp3=00;36:*.mpc=00;36:*.ogg=00;36:*.ra=00;36:*.wav=00;36:*.axa=00;36:*.oga=00;36:*.spx=00;36:*.xspf=00;36:', 'REMOTE_HOST': '', 'PATH_INFO': u'/v1/battleUser/17/'}, 'environ': {'HTTP_AUTHORIZATION': 'Basic cGF0cmljazpwTGFBdFcxMg==', 'wsgi.version': (1, 0), 'wsgi.multiprocess': False, 'RUN_MAIN': 'true', 'GNOME_DESKTOP_SESSION_ID': 'this-is-deprecated', 'SERVER_PROTOCOL': 'HTTP/1.1', 'SERVER_SOFTWARE': 'WSGIServer/0.1 Python/2.7.3', 'SCRIPT_NAME': u'', 'LESSOPEN': '| /usr/bin/lesspipe %s', 'REQUEST_METHOD': 'GET', 'LOGNAME': 'patrick', 'USER': 'patrick', 'PATH': '/usr/lib/lightdm/lightdm:/usr/local/sbin:/usr/local/bin:/usr/sbin:/usr/bin:/sbin:/bin:/usr/games', 'QUERY_STRING': '', 'GNOME_KEYRING_CONTROL': '/tmp/keyring-6TA5ol', 'DISPLAY': ':0', 'SSH_AGENT_PID': '2270', 'LANG': 'en_CA.UTF-8', 'TERM': 'xterm', 'SHELL': '/bin/bash', 'XDG_SESSION_PATH': '/org/freedesktop/DisplayManager/Session0', 'XAUTHORITY': '/home/patrick/.Xauthority', 'LANGUAGE': 'en_CA:en', 'SESSION_MANAGER': 'local/pat-XPS13:@/tmp/.ICE-unix/2235,unix/pat-XPS13:/tmp/.ICE-unix/2235', 'SHLVL': '1', 'MANDATORY_PATH': '/usr/share/gconf/ubuntu.mandatory.path', 'wsgi.url_scheme': 'http', 'COMPIZ_CONFIG_PROFILE': 'ubuntu', 'WINDOWID': '62914566', 'SERVER_PORT': '8000', 'GPG_AGENT_INFO': '/tmp/keyring-6TA5ol/gpg:0:1', 'HOME': '/home/patrick', 'REMOTE_ADDR': '127.0.0.1', 'CONTENT_LENGTH': '', 'CONTENT_TYPE': 'application/json', 'wsgi.file_wrapper': <class wsgiref.util.FileWrapper at 0x1dcf600>, 'SSH_AUTH_SOCK': '/tmp/keyring-6TA5ol/ssh', 'GDMSESSION': 'ubuntu', 'DEFAULTS_PATH': '/usr/share/gconf/ubuntu.default.path', 'HTTP_USER_AGENT': 'curl/7.22.0 (x86_64-pc-linux-gnu) libcurl/7.22.0 OpenSSL/1.0.1 zlib/1.2.3.4 libidn/1.23 librtmp/2.3', 'HTTP_HOST': '127.0.0.1:8000', 'wsgi.multithread': True, 'XDG_SEAT_PATH': '/org/freedesktop/DisplayManager/Seat0', 'LESSCLOSE': '/usr/bin/lesspipe %s %s', 'XDG_CURRENT_DESKTOP': 'Unity', 'DBUS_SESSION_BUS_ADDRESS': 'unix:abstract=/tmp/dbus-iZCyaJeSlx,guid=9116b68bb8914ab661b1714300000016', '_': '/usr/bin/python', 'XDG_SESSION_COOKIE': '360f10346b8728b69ecc121c00000002-1408126702.146733-2120693982', 'HTTP_ACCEPT': 'application/json', 'DESKTOP_SESSION': 'ubuntu', 'SERVER_NAME': 'localhost', 'XDG_CONFIG_DIRS': '/etc/xdg/xdg-ubuntu:/etc/xdg', 'GNOME_KEYRING_PID': '2224', 'UBUNTU_MENUPROXY': 'libappmenu.so', 'wsgi.run_once': False, u'CSRF_COOKIE': u'SQJGYwgGvSvTJeQzwoRlGqi3CtA3igtd', 'wsgi.errors': <open file '<stderr>', mode 'w' at 0x7f37291d7270>, 'GATEWAY_INTERFACE': 'CGI/1.1', 'wsgi.input': <socket._fileobject object at 0x2520550>, 'XDG_DATA_DIRS': '/usr/share/ubuntu:/usr/share/gnome:/usr/local/share/:/usr/share/', 'PWD': '/home/patrick/Documents/Kixeye/KE', 'DJANGO_SETTINGS_MODULE': 'KE.settings', 'TZ': 'UTC', 'COLORTERM': 'gnome-terminal', 'LS_COLORS': 'rs=0:di=01;34:ln=01;36:mh=00:pi=40;33:so=01;35:do=01;35:bd=40;33;01:cd=40;33;01:or=40;31;01:su=37;41:sg=30;43:ca=30;41:tw=30;42:ow=34;42:st=37;44:ex=01;32:*.tar=01;31:*.tgz=01;31:*.arj=01;31:*.taz=01;31:*.lzh=01;31:*.lzma=01;31:*.tlz=01;31:*.txz=01;31:*.zip=01;31:*.z=01;31:*.Z=01;31:*.dz=01;31:*.gz=01;31:*.lz=01;31:*.xz=01;31:*.bz2=01;31:*.bz=01;31:*.tbz=01;31:*.tbz2=01;31:*.tz=01;31:*.deb=01;31:*.rpm=01;31:*.jar=01;31:*.war=01;31:*.ear=01;31:*.sar=01;31:*.rar=01;31:*.ace=01;31:*.zoo=01;31:*.cpio=01;31:*.7z=01;31:*.rz=01;31:*.jpg=01;35:*.jpeg=01;35:*.gif=01;35:*.bmp=01;35:*.pbm=01;35:*.pgm=01;35:*.ppm=01;35:*.tga=01;35:*.xbm=01;35:*.xpm=01;35:*.tif=01;35:*.tiff=01;35:*.png=01;35:*.svg=01;35:*.svgz=01;35:*.mng=01;35:*.pcx=01;35:*.mov=01;35:*.mpg=01;35:*.mpeg=01;35:*.m2v=01;35:*.mkv=01;35:*.webm=01;35:*.ogm=01;35:*.mp4=01;35:*.m4v=01;35:*.mp4v=01;35:*.vob=01;35:*.qt=01;35:*.nuv=01;35:*.wmv=01;35:*.asf=01;35:*.rm=01;35:*.rmvb=01;35:*.flc=01;35:*.avi=01;35:*.fli=01;35:*.flv=01;35:*.gl=01;35:*.dl=01;35:*.xcf=01;35:*.xwd=01;35:*.yuv=01;35:*.cgm=01;35:*.emf=01;35:*.axv=01;35:*.anx=01;35:*.ogv=01;35:*.ogx=01;35:*.aac=00;36:*.au=00;36:*.flac=00;36:*.mid=00;36:*.midi=00;36:*.mka=00;36:*.mp3=00;36:*.mpc=00;36:*.ogg=00;36:*.ra=00;36:*.wav=00;36:*.axa=00;36:*.oga=00;36:*.spx=00;36:*.xspf=00;36:', 'REMOTE_HOST': '', 'PATH_INFO': u'/v1/battleUser/17/'}, 'path_info': u'/v1/battleUser/17/', '_messages': <django.contrib.messages.storage.fallback.FallbackStorage object at 0x7f371827c110>, 'path': u'/v1/battleUser/17/', '_cookies': {}, 'method': 'GET', 'user': <User: patrick>}
{'session': <django.contrib.sessions.backends.db.SessionStore object at 0x7ff1e4059d90>, '_post_parse_error': False, 'resolver_match': ResolverMatch(func=<function wrapper at 0x7ff1dc1d7578>, args=(), kwargs={u'pk': u'17', u'api_name': u'v1', u'resource_name': u'battleUser'}, url_name='api_dispatch_detail', app_name='None', namespace=''), '_stream': <django.core.handlers.wsgi.LimitedStream object at 0x7ff1e4059cd0>, '_read_started': False, 'META': {'HTTP_AUTHORIZATION': 'Basic cGF0cmljazpwTGFBdFcxMg==', 'wsgi.version': (1, 0), 'wsgi.multiprocess': False, 'RUN_MAIN': 'true', 'GNOME_DESKTOP_SESSION_ID': 'this-is-deprecated', 'SERVER_PROTOCOL': 'HTTP/1.1', 'SERVER_SOFTWARE': 'WSGIServer/0.1 Python/2.7.3', 'SCRIPT_NAME': u'', 'LESSOPEN': '| /usr/bin/lesspipe %s', 'REQUEST_METHOD': 'GET', 'LOGNAME': 'patrick', 'USER': 'patrick', 'PATH': '/usr/lib/lightdm/lightdm:/usr/local/sbin:/usr/local/bin:/usr/sbin:/usr/bin:/sbin:/bin:/usr/games', 'QUERY_STRING': '', 'GNOME_KEYRING_CONTROL': '/tmp/keyring-6TA5ol', 'DISPLAY': ':0', 'SSH_AGENT_PID': '2270', 'LANG': 'en_CA.UTF-8', 'TERM': 'xterm', 'SHELL': '/bin/bash', 'XDG_SESSION_PATH': '/org/freedesktop/DisplayManager/Session0', 'XAUTHORITY': '/home/patrick/.Xauthority', 'LANGUAGE': 'en_CA:en', 'SESSION_MANAGER': 'local/pat-XPS13:@/tmp/.ICE-unix/2235,unix/pat-XPS13:/tmp/.ICE-unix/2235', 'SHLVL': '1', 'MANDATORY_PATH': '/usr/share/gconf/ubuntu.mandatory.path', 'wsgi.url_scheme': 'http', 'COMPIZ_CONFIG_PROFILE': 'ubuntu', 'WINDOWID': '62914566', 'SERVER_PORT': '8000', 'GPG_AGENT_INFO': '/tmp/keyring-6TA5ol/gpg:0:1', 'HOME': '/home/patrick', 'REMOTE_ADDR': '127.0.0.1', 'CONTENT_LENGTH': '', 'CONTENT_TYPE': 'application/json', 'wsgi.file_wrapper': <class wsgiref.util.FileWrapper at 0x26da600>, 'SSH_AUTH_SOCK': '/tmp/keyring-6TA5ol/ssh', 'GDMSESSION': 'ubuntu', 'DEFAULTS_PATH': '/usr/share/gconf/ubuntu.default.path', 'HTTP_USER_AGENT': 'curl/7.22.0 (x86_64-pc-linux-gnu) libcurl/7.22.0 OpenSSL/1.0.1 zlib/1.2.3.4 libidn/1.23 librtmp/2.3', 'HTTP_HOST': '127.0.0.1:8000', 'wsgi.multithread': True, 'XDG_SEAT_PATH': '/org/freedesktop/DisplayManager/Seat0', 'LESSCLOSE': '/usr/bin/lesspipe %s %s', 'XDG_CURRENT_DESKTOP': 'Unity', 'DBUS_SESSION_BUS_ADDRESS': 'unix:abstract=/tmp/dbus-iZCyaJeSlx,guid=9116b68bb8914ab661b1714300000016', '_': '/usr/bin/python', 'XDG_SESSION_COOKIE': '360f10346b8728b69ecc121c00000002-1408126702.146733-2120693982', 'HTTP_ACCEPT': 'application/json', 'DESKTOP_SESSION': 'ubuntu', 'SERVER_NAME': 'localhost', 'XDG_CONFIG_DIRS': '/etc/xdg/xdg-ubuntu:/etc/xdg', 'GNOME_KEYRING_PID': '2224', 'UBUNTU_MENUPROXY': 'libappmenu.so', 'wsgi.run_once': False, u'CSRF_COOKIE': u'ZSzDpHhVjt0rf0KOREs6vEfPnCV2KE03', 'wsgi.errors': <open file '<stderr>', mode 'w' at 0x7ff1ef148270>, 'GATEWAY_INTERFACE': 'CGI/1.1', 'wsgi.input': <socket._fileobject object at 0x2e19c50>, 'XDG_DATA_DIRS': '/usr/share/ubuntu:/usr/share/gnome:/usr/local/share/:/usr/share/', 'PWD': '/home/patrick/Documents/Kixeye/KE', 'DJANGO_SETTINGS_MODULE': 'KE.settings', 'TZ': 'UTC', 'COLORTERM': 'gnome-terminal', 'LS_COLORS': 'rs=0:di=01;34:ln=01;36:mh=00:pi=40;33:so=01;35:do=01;35:bd=40;33;01:cd=40;33;01:or=40;31;01:su=37;41:sg=30;43:ca=30;41:tw=30;42:ow=34;42:st=37;44:ex=01;32:*.tar=01;31:*.tgz=01;31:*.arj=01;31:*.taz=01;31:*.lzh=01;31:*.lzma=01;31:*.tlz=01;31:*.txz=01;31:*.zip=01;31:*.z=01;31:*.Z=01;31:*.dz=01;31:*.gz=01;31:*.lz=01;31:*.xz=01;31:*.bz2=01;31:*.bz=01;31:*.tbz=01;31:*.tbz2=01;31:*.tz=01;31:*.deb=01;31:*.rpm=01;31:*.jar=01;31:*.war=01;31:*.ear=01;31:*.sar=01;31:*.rar=01;31:*.ace=01;31:*.zoo=01;31:*.cpio=01;31:*.7z=01;31:*.rz=01;31:*.jpg=01;35:*.jpeg=01;35:*.gif=01;35:*.bmp=01;35:*.pbm=01;35:*.pgm=01;35:*.ppm=01;35:*.tga=01;35:*.xbm=01;35:*.xpm=01;35:*.tif=01;35:*.tiff=01;35:*.png=01;35:*.svg=01;35:*.svgz=01;35:*.mng=01;35:*.pcx=01;35:*.mov=01;35:*.mpg=01;35:*.mpeg=01;35:*.m2v=01;35:*.mkv=01;35:*.webm=01;35:*.ogm=01;35:*.mp4=01;35:*.m4v=01;35:*.mp4v=01;35:*.vob=01;35:*.qt=01;35:*.nuv=01;35:*.wmv=01;35:*.asf=01;35:*.rm=01;35:*.rmvb=01;35:*.flc=01;35:*.avi=01;35:*.fli=01;35:*.flv=01;35:*.gl=01;35:*.dl=01;35:*.xcf=01;35:*.xwd=01;35:*.yuv=01;35:*.cgm=01;35:*.emf=01;35:*.axv=01;35:*.anx=01;35:*.ogv=01;35:*.ogx=01;35:*.aac=00;36:*.au=00;36:*.flac=00;36:*.mid=00;36:*.midi=00;36:*.mka=00;36:*.mp3=00;36:*.mpc=00;36:*.ogg=00;36:*.ra=00;36:*.wav=00;36:*.axa=00;36:*.oga=00;36:*.spx=00;36:*.xspf=00;36:', 'REMOTE_HOST': '', 'PATH_INFO': u'/v1/battleUser/17/'}, 'environ': {'HTTP_AUTHORIZATION': 'Basic cGF0cmljazpwTGFBdFcxMg==', 'wsgi.version': (1, 0), 'wsgi.multiprocess': False, 'RUN_MAIN': 'true', 'GNOME_DESKTOP_SESSION_ID': 'this-is-deprecated', 'SERVER_PROTOCOL': 'HTTP/1.1', 'SERVER_SOFTWARE': 'WSGIServer/0.1 Python/2.7.3', 'SCRIPT_NAME': u'', 'LESSOPEN': '| /usr/bin/lesspipe %s', 'REQUEST_METHOD': 'GET', 'LOGNAME': 'patrick', 'USER': 'patrick', 'PATH': '/usr/lib/lightdm/lightdm:/usr/local/sbin:/usr/local/bin:/usr/sbin:/usr/bin:/sbin:/bin:/usr/games', 'QUERY_STRING': '', 'GNOME_KEYRING_CONTROL': '/tmp/keyring-6TA5ol', 'DISPLAY': ':0', 'SSH_AGENT_PID': '2270', 'LANG': 'en_CA.UTF-8', 'TERM': 'xterm', 'SHELL': '/bin/bash', 'XDG_SESSION_PATH': '/org/freedesktop/DisplayManager/Session0', 'XAUTHORITY': '/home/patrick/.Xauthority', 'LANGUAGE': 'en_CA:en', 'SESSION_MANAGER': 'local/pat-XPS13:@/tmp/.ICE-unix/2235,unix/pat-XPS13:/tmp/.ICE-unix/2235', 'SHLVL': '1', 'MANDATORY_PATH': '/usr/share/gconf/ubuntu.mandatory.path', 'wsgi.url_scheme': 'http', 'COMPIZ_CONFIG_PROFILE': 'ubuntu', 'WINDOWID': '62914566', 'SERVER_PORT': '8000', 'GPG_AGENT_INFO': '/tmp/keyring-6TA5ol/gpg:0:1', 'HOME': '/home/patrick', 'REMOTE_ADDR': '127.0.0.1', 'CONTENT_LENGTH': '', 'CONTENT_TYPE': 'application/json', 'wsgi.file_wrapper': <class wsgiref.util.FileWrapper at 0x26da600>, 'SSH_AUTH_SOCK': '/tmp/keyring-6TA5ol/ssh', 'GDMSESSION': 'ubuntu', 'DEFAULTS_PATH': '/usr/share/gconf/ubuntu.default.path', 'HTTP_USER_AGENT': 'curl/7.22.0 (x86_64-pc-linux-gnu) libcurl/7.22.0 OpenSSL/1.0.1 zlib/1.2.3.4 libidn/1.23 librtmp/2.3', 'HTTP_HOST': '127.0.0.1:8000', 'wsgi.multithread': True, 'XDG_SEAT_PATH': '/org/freedesktop/DisplayManager/Seat0', 'LESSCLOSE': '/usr/bin/lesspipe %s %s', 'XDG_CURRENT_DESKTOP': 'Unity', 'DBUS_SESSION_BUS_ADDRESS': 'unix:abstract=/tmp/dbus-iZCyaJeSlx,guid=9116b68bb8914ab661b1714300000016', '_': '/usr/bin/python', 'XDG_SESSION_COOKIE': '360f10346b8728b69ecc121c00000002-1408126702.146733-2120693982', 'HTTP_ACCEPT': 'application/json', 'DESKTOP_SESSION': 'ubuntu', 'SERVER_NAME': 'localhost', 'XDG_CONFIG_DIRS': '/etc/xdg/xdg-ubuntu:/etc/xdg', 'GNOME_KEYRING_PID': '2224', 'UBUNTU_MENUPROXY': 'libappmenu.so', 'wsgi.run_once': False, u'CSRF_COOKIE': u'ZSzDpHhVjt0rf0KOREs6vEfPnCV2KE03', 'wsgi.errors': <open file '<stderr>', mode 'w' at 0x7ff1ef148270>, 'GATEWAY_INTERFACE': 'CGI/1.1', 'wsgi.input': <socket._fileobject object at 0x2e19c50>, 'XDG_DATA_DIRS': '/usr/share/ubuntu:/usr/share/gnome:/usr/local/share/:/usr/share/', 'PWD': '/home/patrick/Documents/Kixeye/KE', 'DJANGO_SETTINGS_MODULE': 'KE.settings', 'TZ': 'UTC', 'COLORTERM': 'gnome-terminal', 'LS_COLORS': 'rs=0:di=01;34:ln=01;36:mh=00:pi=40;33:so=01;35:do=01;35:bd=40;33;01:cd=40;33;01:or=40;31;01:su=37;41:sg=30;43:ca=30;41:tw=30;42:ow=34;42:st=37;44:ex=01;32:*.tar=01;31:*.tgz=01;31:*.arj=01;31:*.taz=01;31:*.lzh=01;31:*.lzma=01;31:*.tlz=01;31:*.txz=01;31:*.zip=01;31:*.z=01;31:*.Z=01;31:*.dz=01;31:*.gz=01;31:*.lz=01;31:*.xz=01;31:*.bz2=01;31:*.bz=01;31:*.tbz=01;31:*.tbz2=01;31:*.tz=01;31:*.deb=01;31:*.rpm=01;31:*.jar=01;31:*.war=01;31:*.ear=01;31:*.sar=01;31:*.rar=01;31:*.ace=01;31:*.zoo=01;31:*.cpio=01;31:*.7z=01;31:*.rz=01;31:*.jpg=01;35:*.jpeg=01;35:*.gif=01;35:*.bmp=01;35:*.pbm=01;35:*.pgm=01;35:*.ppm=01;35:*.tga=01;35:*.xbm=01;35:*.xpm=01;35:*.tif=01;35:*.tiff=01;35:*.png=01;35:*.svg=01;35:*.svgz=01;35:*.mng=01;35:*.pcx=01;35:*.mov=01;35:*.mpg=01;35:*.mpeg=01;35:*.m2v=01;35:*.mkv=01;35:*.webm=01;35:*.ogm=01;35:*.mp4=01;35:*.m4v=01;35:*.mp4v=01;35:*.vob=01;35:*.qt=01;35:*.nuv=01;35:*.wmv=01;35:*.asf=01;35:*.rm=01;35:*.rmvb=01;35:*.flc=01;35:*.avi=01;35:*.fli=01;35:*.flv=01;35:*.gl=01;35:*.dl=01;35:*.xcf=01;35:*.xwd=01;35:*.yuv=01;35:*.cgm=01;35:*.emf=01;35:*.axv=01;35:*.anx=01;35:*.ogv=01;35:*.ogx=01;35:*.aac=00;36:*.au=00;36:*.flac=00;36:*.mid=00;36:*.midi=00;36:*.mka=00;36:*.mp3=00;36:*.mpc=00;36:*.ogg=00;36:*.ra=00;36:*.wav=00;36:*.axa=00;36:*.oga=00;36:*.spx=00;36:*.xspf=00;36:', 'REMOTE_HOST': '', 'PATH_INFO': u'/v1/battleUser/17/'}, 'path_info': u'/v1/battleUser/17/', '_messages': <django.contrib.messages.storage.fallback.FallbackStorage object at 0x7ff1e4059990>, 'path': u'/v1/battleUser/17/', '_cookies': {}, 'method': 'GET', 'user': <User: patrick>}
get
get
get
{'winStreak': 0, 'firstName': u'piiioppa', 'created': datetime.datetime(2014, 8, 25, 12, 14, 4, tzinfo=<UTC>), 'lastName': u'diddy', 'losses': 0, 'wins': 0, 'last_seen': datetime.datetime(2014, 8, 25, 12, 14, 4, tzinfo=<UTC>), 'nickName': u'pdiddy', u'id': 17, u'resource_uri': '/v1/battleUser/17/'}
{'winStreak': 0, 'firstName': u'piiioppa', 'created': datetime.datetime(2014, 8, 25, 12, 14, 4, tzinfo=<UTC>), 'lastName': u'diddy', 'losses': 0, 'wins': 0, 'last_seen': datetime.datetime(2014, 8, 25, 12, 14, 4, tzinfo=<UTC>), 'nickName': u'pdiddy', u'id': 17, u'resource_uri': '/v1/battleUser/17/'}
{'winStreak': 0, 'firstName': u'piiioppa', 'created': datetime.datetime(2014, 8, 25, 12, 14, 4, tzinfo=<UTC>), 'lastName': u'diddy', 'losses': 0, 'wins': 0, 'last_seen': datetime.datetime(2014, 8, 25, 12, 14, 4, tzinfo=<UTC>), 'nickName': u'pdiddy', u'id': 17, u'resource_uri': '/v1/battleUser/17/'}
{'winStreak': 0, 'firstName': u'piiidsodsppa', 'created': datetime.datetime(2014, 8, 25, 13, 9, 46, 72596, tzinfo=<LocalTimezone>), 'lastName': u'dsdsdiasddy', 'losses': 0, 'wins': 0, u'pk': u'1', 'last_seen': datetime.datetime(2014, 8, 25, 13, 9, 46, 72650, tzinfo=<LocalTimezone>), 'nickName': u'pdsdidasddy', u'id': 1, u'resource_uri': '/v1/battleUser/1/'}
{'winStreak': 0, 'firstName': u'piiidsodsppa', 'created': datetime.datetime(2014, 8, 25, 13, 9, 46, tzinfo=<UTC>), 'lastName': u'dsdsdiasddy', 'losses': 0, 'wins': 0, 'last_seen': datetime.datetime(2014, 8, 25, 13, 9, 46, tzinfo=<UTC>), 'nickName': u'pdsdidasddy', u'id': 1, u'resource_uri': '/v1/battleUser/1/'}
{'winStreak': 0, 'firstName': u'piiidsodsppa', 'created': datetime.datetime(2014, 8, 25, 13, 9, 46, tzinfo=<UTC>), 'lastName': u'dsdsdiasddy', 'losses': 0, 'wins': 0, 'last_seen': datetime.datetime(2014, 8, 25, 13, 9, 46, tzinfo=<UTC>), 'nickName': u'pdsdidasddy', u'id': 1, u'resource_uri': '/v1/battleUser/1/'}
{'winStreak': 0, 'firstName': u'piiidsodsppa', 'created': datetime.datetime(2014, 8, 25, 13, 9, 46, tzinfo=<UTC>), 'lastName': u'dsdsdiasddy', 'losses': 0, 'wins': 0, 'last_seen': datetime.datetime(2014, 8, 25, 13, 9, 46, tzinfo=<UTC>), 'nickName': u'pdsdidasddy', u'id': 1, u'resource_uri': '/v1/battleUser/1/'}
{'winStreak': 9, 'firstName': u'Monkey', 'created': datetime.datetime(2014, 8, 22, 19, 1, 56, tzinfo=<UTC>), 'lastName': u'Man', 'losses': 11, 'wins': 10, 'last_seen': datetime.datetime(2014, 8, 22, 19, 1, 56, tzinfo=<UTC>), 'nickName': u'monkeyman', u'id': 2, u'resource_uri': '/v1/battleUser/2/'}
{'winStreak': 1, 'firstName': u'Jane', 'created': datetime.datetime(2014, 8, 23, 0, 41, 57, tzinfo=<UTC>), 'lastName': u'Doe', 'losses': 22, 'wins': 2, 'last_seen': datetime.datetime(2014, 8, 23, 0, 41, 57, tzinfo=<UTC>), 'nickName': u'JD', u'id': 3, u'resource_uri': '/v1/battleUser/3/'}
{'winStreak': 0, 'firstName': u'poppa', 'created': datetime.datetime(2014, 8, 23, 18, 40, 41, tzinfo=<UTC>), 'lastName': u'diddy', 'losses': 0, 'wins': 0, 'last_seen': datetime.datetime(2014, 8, 23, 18, 40, 44, tzinfo=<UTC>), 'nickName': u'pdiddy', u'id': 5, u'resource_uri': '/v1/battleUser/5/'}
{'winStreak': 0, 'firstName': u'popa', 'created': datetime.datetime(2014, 8, 24, 20, 22, 44, tzinfo=<UTC>), 'lastName': u'diddy', 'losses': 0, 'wins': 0, 'last_seen': datetime.datetime(2014, 8, 24, 20, 22, 44, tzinfo=<UTC>), 'nickName': u'pdiddy', u'id': 6, u'resource_uri': '/v1/battleUser/6/'}
{'winStreak': 0, 'firstName': u'popa', 'created': datetime.datetime(2014, 8, 24, 20, 24, 59, tzinfo=<UTC>), 'lastName': u'diddy', 'losses': 0, 'wins': 0, 'last_seen': datetime.datetime(2014, 8, 24, 20, 24, 59, tzinfo=<UTC>), 'nickName': u'pdiddy', u'id': 7, u'resource_uri': '/v1/battleUser/7/'}
{'winStreak': 0, 'firstName': u'popa', 'created': datetime.datetime(2014, 8, 24, 20, 25, 10, tzinfo=<UTC>), 'lastName': u'diddy', 'losses': 0, 'wins': 0, 'last_seen': datetime.datetime(2014, 8, 24, 20, 25, 10, tzinfo=<UTC>), 'nickName': u'pdiddy', u'id': 8, u'resource_uri': '/v1/battleUser/8/'}
{'winStreak': 0, 'firstName': u'popa', 'created': datetime.datetime(2014, 8, 24, 21, 14, 36, tzinfo=<UTC>), 'lastName': u'diddy', 'losses': 0, 'wins': 0, 'last_seen': datetime.datetime(2014, 8, 24, 21, 14, 36, tzinfo=<UTC>), 'nickName': u'pdiddy', u'id': 9, u'resource_uri': '/v1/battleUser/9/'}
{'winStreak': 0, 'firstName': u'popa', 'created': datetime.datetime(2014, 8, 24, 21, 17, 36, tzinfo=<UTC>), 'lastName': u'diddy', 'losses': 0, 'wins': 0, 'last_seen': datetime.datetime(2014, 8, 24, 21, 17, 36, tzinfo=<UTC>), 'nickName': u'pdiddy', u'id': 10, u'resource_uri': '/v1/battleUser/10/'}
{'winStreak': 0, 'firstName': u'piiioppa', 'created': datetime.datetime(2014, 8, 25, 11, 14, 17, tzinfo=<UTC>), 'lastName': u'dsdiddy', 'losses': 0, 'wins': 0, 'last_seen': datetime.datetime(2014, 8, 25, 11, 14, 17, tzinfo=<UTC>), 'nickName': u'pdiddy', u'id': 11, u'resource_uri': '/v1/battleUser/11/'}
{'winStreak': 0, 'firstName': u'piiiodsppa', 'created': datetime.datetime(2014, 8, 25, 11, 19, 19, tzinfo=<UTC>), 'lastName': u'dsdsdiddy', 'losses': 0, 'wins': 0, 'last_seen': datetime.datetime(2014, 8, 25, 11, 19, 19, tzinfo=<UTC>), 'nickName': u'pdsdiddy', u'id': 12, u'resource_uri': '/v1/battleUser/12/'}
{'winStreak': 0, 'firstName': u'piiiodsppa', 'created': datetime.datetime(2014, 8, 25, 11, 19, 24, tzinfo=<UTC>), 'lastName': u'dsdsdiddy', 'losses': 0, 'wins': 0, 'last_seen': datetime.datetime(2014, 8, 25, 11, 19, 24, tzinfo=<UTC>), 'nickName': u'pdsdiddy', u'id': 13, u'resource_uri': '/v1/battleUser/13/'}
{'winStreak': 0, 'firstName': u'piiidsodsppa', 'created': datetime.datetime(2014, 8, 25, 11, 19, 36, tzinfo=<UTC>), 'lastName': u'dsdsdiasddy', 'losses': 0, 'wins': 0, 'last_seen': datetime.datetime(2014, 8, 25, 11, 19, 36, tzinfo=<UTC>), 'nickName': u'pdsdidasddy', u'id': 14, u'resource_uri': '/v1/battleUser/14/'}
{'winStreak': 1, 'firstName': u'TestUser1', 'created': datetime.datetime(2014, 8, 25, 11, 44, 12, tzinfo=<UTC>), 'lastName': u'TestUser1', 'losses': 1, 'wins': 1, 'last_seen': datetime.datetime(2014, 8, 25, 11, 44, 12, tzinfo=<UTC>), 'nickName': u'TestUser1', u'id': 15, u'resource_uri': '/v1/battleUser/15/'}
{'winStreak': 0, 'firstName': u'piiioppa', 'created': datetime.datetime(2014, 8, 25, 12, 13, 19, tzinfo=<UTC>), 'lastName': u'diddy', 'losses': 0, 'wins': 0, 'last_seen': datetime.datetime(2014, 8, 25, 12, 13, 19, tzinfo=<UTC>), 'nickName': u'pdiddy', u'id': 16, u'resource_uri': '/v1/battleUser/16/'}
{'winStreak': 0, 'firstName': u'piiioppa', 'created': datetime.datetime(2014, 8, 25, 12, 14, 4, tzinfo=<UTC>), 'lastName': u'diddy', 'losses': 0, 'wins': 0, 'last_seen': datetime.datetime(2014, 8, 25, 12, 14, 4, tzinfo=<UTC>), 'nickName': u'pdiddy', u'id': 17, u'resource_uri': '/v1/battleUser/17/'}
{'winStreak': 0, 'firstName': u'piiiofppa', 'created': datetime.datetime(2014, 8, 25, 12, 35, 2, tzinfo=<UTC>), 'lastName': u'diddfdy', 'losses': 0, 'wins': 0, 'last_seen': datetime.datetime(2014, 8, 25, 12, 35, 2, tzinfo=<UTC>), 'nickName': u'pdidsfdy', u'id': 18, u'resource_uri': '/v1/battleUser/18/'}
{'winStreak': 0, 'firstName': u'piiidsodsppa', 'created': datetime.datetime(2014, 8, 25, 13, 9, 46, tzinfo=<UTC>), 'lastName': u'dsdsdiasddy', 'losses': 0, 'wins': 0, 'last_seen': datetime.datetime(2014, 8, 25, 13, 9, 46, tzinfo=<UTC>), 'nickName': u'pdsdidasddy', u'id': 1, u'resource_uri': '/v1/battleUser/1/'}
{'winStreak': 0, 'firstName': u'piiidsodsppa', 'created': datetime.datetime(2014, 8, 25, 11, 19, 36, tzinfo=<UTC>), 'lastName': u'dsdsdiasddy', 'losses': 0, 'wins': 0, 'last_seen': datetime.datetime(2014, 8, 25, 11, 19, 36, tzinfo=<UTC>), 'nickName': u'pdsdidasddy', u'id': 14, u'resource_uri': '/v1/battleUser/14/'}
{'winStreak': 0, 'firstName': u'piiidsodsppa', 'created': datetime.datetime(2014, 8, 25, 13, 9, 46, tzinfo=<UTC>), 'lastName': u'dsdsdiasddy', 'losses': 0, 'wins': 0, 'last_seen': datetime.datetime(2014, 8, 25, 13, 9, 46, tzinfo=<UTC>), 'nickName': u'pdsdidasddy', u'id': 1, u'resource_uri': '/v1/battleUser/1/'}
Immediate
Immediate
Immediate
{'_response': <tastypie.http.HttpMethodNotAllowed object at 0x7ff98c1daa90>}
{'reason_phrase': u'METHOD NOT ALLOWED', '_handler_class': None, '_headers': {'content-type': ('Content-Type', 'text/html; charset=utf-8'), 'allow': ('Allow', 'GET,POST')}, '_charset': 'utf-8', '_closable_objects': [], 'cookies': <SimpleCookie: >, '_base_content_is_iter': False, '_container': [u'GET,POST']}
<class 'tastypie.exceptions.ImmediateHttpResponse'>
<class 'tastypie.exceptions.ImmediateHttpResponse'>
{'reason_phrase': u'METHOD NOT ALLOWED', '_handler_class': None, '_headers': {'content-type': ('Content-Type', 'text/html; charset=utf-8'), 'allow': ('Allow', 'GET,POST')}, '_charset': 'utf-8', '_closable_objects': [], 'cookies': <SimpleCookie: >, '_base_content_is_iter': False, '_container': [u'GET,POST']}
{'reason_phrase': u'METHOD NOT ALLOWED', '_handler_class': None, '_headers': {'content-type': ('Content-Type', 'text/html; charset=utf-8'), 'allow': ('Allow', 'GET,POST')}, '_charset': 'utf-8', '_closable_objects': [], 'cookies': <SimpleCookie: >, '_base_content_is_iter': False, '_container': [u'GET,POST']}
{'reason_phrase': u'METHOD NOT ALLOWED', '_handler_class': None, '_headers': {'content-type': ('Content-Type', 'text/html; charset=utf-8'), 'allow': ('Allow', 'GET,POST')}, '_charset': 'utf-8', '_closable_objects': [], 'cookies': <SimpleCookie: >, '_base_content_is_iter': False, '_container': [u'GET,POST']}
